-- The C compiler identification is GNU 12.3.0
-- The CXX compiler identification is GNU 11.4.0
-- Detecting C compiler ABI info
-- Detecting C compiler ABI info - done
-- Check for working C compiler: /usr/bin/cc - skipped
-- Detecting C compile features
-- Detecting C compile features - done
-- Detecting CXX compiler ABI info
-- Detecting CXX compiler ABI info - done
-- Check for working CXX compiler: /usr/bin/c++ - skipped
-- Detecting CXX compile features
-- Detecting CXX compile features - done
-- Found ament_cmake: 1.3.7 (/opt/ros/humble/share/ament_cmake/cmake)
-- Found Python3: /usr/bin/python3.10 (found version "3.10.12") found components: Interpreter 
-- Override CMake install command with custom implementation using symlinks instead of copying resources
-- Found hardware_interface: 2.37.0 (/opt/ros/humble/share/hardware_interface/cmake)
-- Found rosidl_generator_c: 3.1.5 (/opt/ros/humble/share/rosidl_generator_c/cmake)
-- Found rosidl_adapter: 3.1.5 (/opt/ros/humble/share/rosidl_adapter/cmake)
-- Found rosidl_generator_cpp: 3.1.5 (/opt/ros/humble/share/rosidl_generator_cpp/cmake)
-- Using all available rosidl_typesupport_c: rosidl_typesupport_fastrtps_c;rosidl_typesupport_introspection_c
-- Using all available rosidl_typesupport_cpp: rosidl_typesupport_fastrtps_cpp;rosidl_typesupport_introspection_cpp
-- Found rmw_implementation_cmake: 6.1.1 (/opt/ros/humble/share/rmw_implementation_cmake/cmake)
-- Found rmw_fastrtps_cpp: 6.2.6 (/opt/ros/humble/share/rmw_fastrtps_cpp/cmake)
-- Found TinyXML2 via Config file: TinyXML2_DIR-NOTFOUND
-- Found OpenSSL: /usr/lib/x86_64-linux-gnu/libcrypto.so (found version "3.0.2")  
-- Found TinyXML2 via Config file: TinyXML2_DIR-NOTFOUND
-- Found FastRTPS: /opt/ros/humble/include  
-- Found TinyXML2 via Config file: TinyXML2_DIR-NOTFOUND
-- Found TinyXML2 via Config file: TinyXML2_DIR-NOTFOUND
-- Using RMW implementation 'rmw_fastrtps_cpp' as default
-- Looking for pthread.h
-- Looking for pthread.h - found
-- Performing Test CMAKE_HAVE_LIBC_PTHREAD
-- Performing Test CMAKE_HAVE_LIBC_PTHREAD - Success
-- Found Threads: TRUE  
-- Found ethercat_interface: 1.2.0 (/home/barbe/ws_develop/ethercat_driver_ros2/install/ethercat_interface/share/ethercat_interface/cmake)
-- Found ament_cmake_gtest: 1.3.7 (/opt/ros/humble/share/ament_cmake_gtest/cmake)
-- Configuring done
-- Generating done
-- Build files have been written to: /home/barbe/ws_develop/ethercat_driver_ros2/build/ethercat_driver
[ 50%] [32mBuilding CXX object CMakeFiles/ethercat_driver.dir/src/ethercat_driver.cpp.o[0m
In file included from [01m[K/home/barbe/ws_develop/ethercat_driver_ros2/ethercat_driver/include/ethercat_driver/ethercat_driver.hpp:32[m[K,
                 from [01m[K/home/barbe/ws_develop/ethercat_driver_ros2/ethercat_driver/src/ethercat_driver.cpp:15[m[K:
[01m[K/home/barbe/ws_develop/ethercat_driver_ros2/install/ethercat_interface/include/ethercat_interface/ec_master.hpp:160:46:[m[K [01;35m[Kwarning: [m[Kmissing initializer for member ‘[01m[Kec_slave_config_state_t::operational[m[K’ [[01;35m[K]8;;https://gcc.gnu.org/onlinedocs/gcc/Warning-Options.html#index-Wmissing-field-initializers-Wmissing-field-initializers]8;;[m[K]
  160 |     ec_slave_config_state_t config_state = {0[01;35m[K}[m[K;
      |                                              [01;35m[K^[m[K
[01m[K/home/barbe/ws_develop/ethercat_driver_ros2/install/ethercat_interface/include/ethercat_interface/ec_master.hpp:160:46:[m[K [01;35m[Kwarning: [m[Kmissing initializer for member ‘[01m[Kec_slave_config_state_t::al_state[m[K’ [[01;35m[K]8;;https://gcc.gnu.org/onlinedocs/gcc/Warning-Options.html#index-Wmissing-field-initializers-Wmissing-field-initializers]8;;[m[K]
[100%] [32m[1mLinking CXX shared library libethercat_driver.so[0m
[100%] Built target ethercat_driver
-- Install configuration: "Release"
-- Execute custom install script
-- Symlinking: /home/barbe/ws_develop/ethercat_driver_ros2/install/ethercat_driver/share/ethercat_driver//ethercat_driver_plugin.xml
-- Symlinking: /home/barbe/ws_develop/ethercat_driver_ros2/install/ethercat_driver/lib/libethercat_driver.so
-- Symlinking: /home/barbe/ws_develop/ethercat_driver_ros2/install/ethercat_driver/include/ethercat_driver/ethercat_driver.hpp
-- Symlinking: /home/barbe/ws_develop/ethercat_driver_ros2/install/ethercat_driver/include/ethercat_driver/visibility_control.h
-- Symlinking: /home/barbe/ws_develop/ethercat_driver_ros2/install/ethercat_driver/share/ethercat_driver/environment/library_path.sh
-- Symlinking: /home/barbe/ws_develop/ethercat_driver_ros2/install/ethercat_driver/share/ethercat_driver/environment/library_path.dsv
-- Symlinking: /home/barbe/ws_develop/ethercat_driver_ros2/install/ethercat_driver/share/ament_index/resource_index/package_run_dependencies/ethercat_driver
-- Symlinking: /home/barbe/ws_develop/ethercat_driver_ros2/install/ethercat_driver/share/ament_index/resource_index/parent_prefix_path/ethercat_driver
-- Symlinking: /home/barbe/ws_develop/ethercat_driver_ros2/install/ethercat_driver/share/ethercat_driver/environment/ament_prefix_path.sh
-- Symlinking: /home/barbe/ws_develop/ethercat_driver_ros2/install/ethercat_driver/share/ethercat_driver/environment/ament_prefix_path.dsv
-- Symlinking: /home/barbe/ws_develop/ethercat_driver_ros2/install/ethercat_driver/share/ethercat_driver/environment/path.sh
-- Symlinking: /home/barbe/ws_develop/ethercat_driver_ros2/install/ethercat_driver/share/ethercat_driver/environment/path.dsv
-- Symlinking: /home/barbe/ws_develop/ethercat_driver_ros2/install/ethercat_driver/share/ethercat_driver/local_setup.bash
-- Symlinking: /home/barbe/ws_develop/ethercat_driver_ros2/install/ethercat_driver/share/ethercat_driver/local_setup.sh
-- Symlinking: /home/barbe/ws_develop/ethercat_driver_ros2/install/ethercat_driver/share/ethercat_driver/local_setup.zsh
-- Symlinking: /home/barbe/ws_develop/ethercat_driver_ros2/install/ethercat_driver/share/ethercat_driver/local_setup.dsv
-- Symlinking: /home/barbe/ws_develop/ethercat_driver_ros2/install/ethercat_driver/share/ethercat_driver/package.dsv
-- Symlinking: /home/barbe/ws_develop/ethercat_driver_ros2/install/ethercat_driver/share/ament_index/resource_index/packages/ethercat_driver
-- Symlinking: /home/barbe/ws_develop/ethercat_driver_ros2/install/ethercat_driver/share/ament_index/resource_index/hardware_interface__pluginlib__plugin/ethercat_driver
-- Symlinking: /home/barbe/ws_develop/ethercat_driver_ros2/install/ethercat_driver/share/ethercat_driver/cmake/ament_cmake_export_include_directories-extras.cmake
-- Symlinking: /home/barbe/ws_develop/ethercat_driver_ros2/install/ethercat_driver/share/ethercat_driver/cmake/ament_cmake_export_libraries-extras.cmake
-- Symlinking: /home/barbe/ws_develop/ethercat_driver_ros2/install/ethercat_driver/share/ethercat_driver/cmake/ament_cmake_export_dependencies-extras.cmake
-- Symlinking: /home/barbe/ws_develop/ethercat_driver_ros2/install/ethercat_driver/share/ethercat_driver/cmake/ethercat_driverConfig.cmake
-- Symlinking: /home/barbe/ws_develop/ethercat_driver_ros2/install/ethercat_driver/share/ethercat_driver/cmake/ethercat_driverConfig-version.cmake
-- Symlinking: /home/barbe/ws_develop/ethercat_driver_ros2/install/ethercat_driver/share/ethercat_driver/package.xml
