[0.045s] Invoking command in '/home/barbe/ws_develop/ethercat_driver_ros2/build/ethercat_msgs': CMAKE_PREFIX_PATH=${CMAKE_PREFIX_PATH}:/home/barbe/ws_moveit2/install/moveit_configs_utils:/home/barbe/ws_moveit2/install/launch_param_builder:/opt/ros/humble /usr/bin/cmake /home/barbe/ws_develop/ethercat_driver_ros2/ethercat_msgs -DCMAKE_BUILD_TYPE=Release -DAMENT_CMAKE_SYMLINK_INSTALL=1 -DCMAKE_INSTALL_PREFIX=/home/barbe/ws_develop/ethercat_driver_ros2/install/ethercat_msgs
[0.084s] -- The C compiler identification is GNU 12.3.0
[0.116s] -- The CXX compiler identification is GNU 11.4.0
[0.121s] -- Detecting C compiler ABI info
[0.169s] -- Detecting C compiler ABI info - done
[0.173s] -- Check for working C compiler: /usr/bin/cc - skipped
[0.173s] -- Detecting C compile features
[0.173s] -- Detecting C compile features - done
[0.175s] -- Detecting CXX compiler ABI info
[0.228s] -- Detecting CXX compiler ABI info - done
[0.232s] -- Check for working CXX compiler: /usr/bin/c++ - skipped
[0.232s] -- Detecting CXX compile features
[0.232s] -- Detecting CXX compile features - done
[0.237s] -- Found ament_cmake: 1.3.7 (/opt/ros/humble/share/ament_cmake/cmake)
[0.350s] -- Found Python3: /usr/bin/python3.10 (found version "3.10.12") found components: Interpreter 
[0.388s] -- Override CMake install command with custom implementation using symlinks instead of copying resources
[0.456s] -- Found rosidl_default_generators: 1.2.0 (/opt/ros/humble/share/rosidl_default_generators/cmake)
[0.467s] -- Using all available rosidl_typesupport_c: rosidl_typesupport_fastrtps_c;rosidl_typesupport_introspection_c
[0.480s] -- Found rosidl_adapter: 3.1.5 (/opt/ros/humble/share/rosidl_adapter/cmake)
[0.538s] -- Using all available rosidl_typesupport_cpp: rosidl_typesupport_fastrtps_cpp;rosidl_typesupport_introspection_cpp
[0.761s] -- Found ament_cmake_ros: 0.10.0 (/opt/ros/humble/share/ament_cmake_ros/cmake)
[0.886s] -- Using all available rosidl_typesupport_c: rosidl_typesupport_fastrtps_c;rosidl_typesupport_introspection_c
[1.036s] -- Using all available rosidl_typesupport_cpp: rosidl_typesupport_fastrtps_cpp;rosidl_typesupport_introspection_cpp
[1.051s] -- Found PythonInterp: /usr/bin/python3 (found suitable version "3.10.12", minimum required is "3.6") 
[1.055s] -- Found python_cmake_module: 0.10.0 (/opt/ros/humble/share/python_cmake_module/cmake)
[1.074s] -- Found PythonLibs: /usr/lib/x86_64-linux-gnu/libpython3.10.so (found suitable version "3.10.12", minimum required is "3.5") 
[1.074s] -- Using PYTHON_EXECUTABLE: /usr/bin/python3
[1.074s] -- Using PYTHON_INCLUDE_DIRS: /usr/include/python3.10
[1.074s] -- Using PYTHON_LIBRARIES: /usr/lib/x86_64-linux-gnu/libpython3.10.so
[1.088s] -- Found PythonExtra: .so  
[1.127s] -- Found ament_lint_auto: 0.12.10 (/opt/ros/humble/share/ament_lint_auto/cmake)
[1.132s] -- Configuring done
[1.147s] -- Generating done
[1.148s] -- Build files have been written to: /home/barbe/ws_develop/ethercat_driver_ros2/build/ethercat_msgs
[1.151s] Invoked command in '/home/barbe/ws_develop/ethercat_driver_ros2/build/ethercat_msgs' returned '0': CMAKE_PREFIX_PATH=${CMAKE_PREFIX_PATH}:/home/barbe/ws_moveit2/install/moveit_configs_utils:/home/barbe/ws_moveit2/install/launch_param_builder:/opt/ros/humble /usr/bin/cmake /home/barbe/ws_develop/ethercat_driver_ros2/ethercat_msgs -DCMAKE_BUILD_TYPE=Release -DAMENT_CMAKE_SYMLINK_INSTALL=1 -DCMAKE_INSTALL_PREFIX=/home/barbe/ws_develop/ethercat_driver_ros2/install/ethercat_msgs
[1.153s] Invoking command in '/home/barbe/ws_develop/ethercat_driver_ros2/build/ethercat_msgs': CMAKE_PREFIX_PATH=${CMAKE_PREFIX_PATH}:/home/barbe/ws_moveit2/install/moveit_configs_utils:/home/barbe/ws_moveit2/install/launch_param_builder:/opt/ros/humble /usr/bin/cmake --build /home/barbe/ws_develop/ethercat_driver_ros2/build/ethercat_msgs -- -j20 -l20
[1.186s] [  2%] [34m[1mGenerating C code for ROS interfaces[0m
[1.195s] [  5%] [34m[1mGenerating C++ code for ROS interfaces[0m
[1.202s] [  5%] Built target ament_cmake_python_symlink_ethercat_msgs
[1.360s] running egg_info
[1.360s] creating ethercat_msgs.egg-info
[1.361s] writing ethercat_msgs.egg-info/PKG-INFO
[1.361s] writing dependency_links to ethercat_msgs.egg-info/dependency_links.txt
[1.361s] writing top-level names to ethercat_msgs.egg-info/top_level.txt
[1.361s] writing manifest file 'ethercat_msgs.egg-info/SOURCES.txt'
[1.362s] reading manifest file 'ethercat_msgs.egg-info/SOURCES.txt'
[1.362s] writing manifest file 'ethercat_msgs.egg-info/SOURCES.txt'
[1.384s] [  5%] Built target ament_cmake_python_build_ethercat_msgs_egg
[1.419s] [ 10%] [32mBuilding C object CMakeFiles/ethercat_msgs__rosidl_generator_c.dir/rosidl_generator_c/ethercat_msgs/srv/detail/get_sdo__functions.c.o[0m
[1.419s] [ 10%] [32mBuilding C object CMakeFiles/ethercat_msgs__rosidl_generator_c.dir/rosidl_generator_c/ethercat_msgs/srv/detail/set_sdo__functions.c.o[0m
[1.424s] [ 10%] Built target ethercat_msgs__cpp
[1.438s] [ 12%] [34m[1mGenerating C++ type support dispatch for ROS interfaces[0m
[1.438s] [ 15%] [34m[1mGenerating C++ type support for eProsima Fast-RTPS[0m
[1.438s] [ 17%] [34m[1mGenerating C++ introspection for ROS interfaces[0m
[1.529s] [ 20%] [32m[1mLinking C shared library libethercat_msgs__rosidl_generator_c.so[0m
[1.562s] [ 20%] Built target ethercat_msgs__rosidl_generator_c
[1.577s] [ 28%] [34m[1mGenerating C type support dispatch for ROS interfaces[0m
[1.577s] [ 28%] [34m[1mGenerating C type support for eProsima Fast-RTPS[0m
[1.577s] [ 28%] [34m[1mGenerating C introspection for ROS interfaces[0m
[1.658s] [ 33%] [32mBuilding CXX object CMakeFiles/ethercat_msgs__rosidl_typesupport_fastrtps_cpp.dir/rosidl_typesupport_fastrtps_cpp/ethercat_msgs/srv/detail/dds_fastrtps/get_sdo__type_support.cpp.o[0m
[1.658s] [ 33%] [32mBuilding CXX object CMakeFiles/ethercat_msgs__rosidl_typesupport_fastrtps_cpp.dir/rosidl_typesupport_fastrtps_cpp/ethercat_msgs/srv/detail/dds_fastrtps/set_sdo__type_support.cpp.o[0m
[1.728s] [ 38%] [32mBuilding CXX object CMakeFiles/ethercat_msgs__rosidl_typesupport_introspection_cpp.dir/rosidl_typesupport_introspection_cpp/ethercat_msgs/srv/detail/set_sdo__type_support.cpp.o[0m
[1.728s] [ 38%] [32mBuilding CXX object CMakeFiles/ethercat_msgs__rosidl_typesupport_introspection_cpp.dir/rosidl_typesupport_introspection_cpp/ethercat_msgs/srv/detail/get_sdo__type_support.cpp.o[0m
[1.734s] [ 41%] [32mBuilding CXX object CMakeFiles/ethercat_msgs__rosidl_typesupport_cpp.dir/rosidl_typesupport_cpp/ethercat_msgs/srv/set_sdo__type_support.cpp.o[0m
[1.736s] [ 43%] [32mBuilding CXX object CMakeFiles/ethercat_msgs__rosidl_typesupport_cpp.dir/rosidl_typesupport_cpp/ethercat_msgs/srv/get_sdo__type_support.cpp.o[0m
[1.866s] [ 46%] [32mBuilding CXX object CMakeFiles/ethercat_msgs__rosidl_typesupport_c.dir/rosidl_typesupport_c/ethercat_msgs/srv/set_sdo__type_support.cpp.o[0m
[1.866s] [ 48%] [32mBuilding CXX object CMakeFiles/ethercat_msgs__rosidl_typesupport_c.dir/rosidl_typesupport_c/ethercat_msgs/srv/get_sdo__type_support.cpp.o[0m
[1.909s] [ 51%] [32m[1mLinking CXX shared library libethercat_msgs__rosidl_typesupport_c.so[0m
[1.933s] [ 53%] [32mBuilding C object CMakeFiles/ethercat_msgs__rosidl_typesupport_introspection_c.dir/rosidl_typesupport_introspection_c/ethercat_msgs/srv/detail/get_sdo__type_support.c.o[0m
[1.935s] [ 56%] [32mBuilding C object CMakeFiles/ethercat_msgs__rosidl_typesupport_introspection_c.dir/rosidl_typesupport_introspection_c/ethercat_msgs/srv/detail/set_sdo__type_support.c.o[0m
[1.937s] [ 58%] [32mBuilding CXX object CMakeFiles/ethercat_msgs__rosidl_typesupport_fastrtps_c.dir/rosidl_typesupport_fastrtps_c/ethercat_msgs/srv/detail/get_sdo__type_support_c.cpp.o[0m
[1.939s] [ 61%] [32mBuilding CXX object CMakeFiles/ethercat_msgs__rosidl_typesupport_fastrtps_c.dir/rosidl_typesupport_fastrtps_c/ethercat_msgs/srv/detail/set_sdo__type_support_c.cpp.o[0m
[1.959s] [ 61%] Built target ethercat_msgs__rosidl_typesupport_c
[1.981s] [ 64%] [32m[1mLinking C shared library libethercat_msgs__rosidl_typesupport_introspection_c.so[0m
[2.005s] [ 66%] [32m[1mLinking CXX shared library libethercat_msgs__rosidl_typesupport_cpp.so[0m
[2.005s] [ 66%] Built target ethercat_msgs__rosidl_typesupport_introspection_c
[2.038s] [ 66%] Built target ethercat_msgs__rosidl_typesupport_cpp
[2.109s] [ 69%] [32m[1mLinking CXX shared library libethercat_msgs__rosidl_typesupport_introspection_cpp.so[0m
[2.121s] [ 71%] [32m[1mLinking CXX shared library libethercat_msgs__rosidl_typesupport_fastrtps_cpp.so[0m
[2.154s] [ 71%] Built target ethercat_msgs__rosidl_typesupport_introspection_cpp
[2.174s] [ 71%] Built target ethercat_msgs__rosidl_typesupport_fastrtps_cpp
[2.287s] [ 74%] [32m[1mLinking CXX shared library libethercat_msgs__rosidl_typesupport_fastrtps_c.so[0m
[2.336s] [ 74%] Built target ethercat_msgs__rosidl_typesupport_fastrtps_c
[2.354s] [ 74%] Built target ethercat_msgs
[2.373s] [ 76%] [34m[1mGenerating Python code for ROS interfaces[0m
[2.681s] [ 76%] Built target ethercat_msgs__py
[2.700s] [ 79%] [32mBuilding C object CMakeFiles/ethercat_msgs__rosidl_generator_py.dir/rosidl_generator_py/ethercat_msgs/srv/_get_sdo_s.c.o[0m
[2.700s] [ 82%] [32mBuilding C object CMakeFiles/ethercat_msgs__rosidl_generator_py.dir/rosidl_generator_py/ethercat_msgs/srv/_set_sdo_s.c.o[0m
[2.805s] [ 84%] [32m[1mLinking C shared library rosidl_generator_py/ethercat_msgs/libethercat_msgs__rosidl_generator_py.so[0m
[2.836s] [ 84%] Built target ethercat_msgs__rosidl_generator_py
[2.856s] [ 92%] [32mBuilding C object CMakeFiles/ethercat_msgs__rosidl_typesupport_fastrtps_c__pyext.dir/rosidl_generator_py/ethercat_msgs/_ethercat_msgs_s.ep.rosidl_typesupport_fastrtps_c.c.o[0m
[2.856s] [ 92%] [32mBuilding C object CMakeFiles/ethercat_msgs__rosidl_typesupport_c__pyext.dir/rosidl_generator_py/ethercat_msgs/_ethercat_msgs_s.ep.rosidl_typesupport_c.c.o[0m
[2.856s] [ 92%] [32mBuilding C object CMakeFiles/ethercat_msgs__rosidl_typesupport_introspection_c__pyext.dir/rosidl_generator_py/ethercat_msgs/_ethercat_msgs_s.ep.rosidl_typesupport_introspection_c.c.o[0m
[2.960s] [100%] [32m[1mLinking C shared library rosidl_generator_py/ethercat_msgs/ethercat_msgs_s__rosidl_typesupport_introspection_c.cpython-310-x86_64-linux-gnu.so[0m
[2.961s] [100%] [32m[1mLinking C shared library rosidl_generator_py/ethercat_msgs/ethercat_msgs_s__rosidl_typesupport_c.cpython-310-x86_64-linux-gnu.so[0m
[2.961s] [100%] [32m[1mLinking C shared library rosidl_generator_py/ethercat_msgs/ethercat_msgs_s__rosidl_typesupport_fastrtps_c.cpython-310-x86_64-linux-gnu.so[0m
[2.987s] [100%] Built target ethercat_msgs__rosidl_typesupport_fastrtps_c__pyext
[2.987s] [100%] Built target ethercat_msgs__rosidl_typesupport_c__pyext
[2.987s] [100%] Built target ethercat_msgs__rosidl_typesupport_introspection_c__pyext
[2.997s] Invoked command in '/home/barbe/ws_develop/ethercat_driver_ros2/build/ethercat_msgs' returned '0': CMAKE_PREFIX_PATH=${CMAKE_PREFIX_PATH}:/home/barbe/ws_moveit2/install/moveit_configs_utils:/home/barbe/ws_moveit2/install/launch_param_builder:/opt/ros/humble /usr/bin/cmake --build /home/barbe/ws_develop/ethercat_driver_ros2/build/ethercat_msgs -- -j20 -l20
[3.099s] Invoking command in '/home/barbe/ws_develop/ethercat_driver_ros2/build/ethercat_msgs': CMAKE_PREFIX_PATH=${CMAKE_PREFIX_PATH}:/home/barbe/ws_moveit2/install/moveit_configs_utils:/home/barbe/ws_moveit2/install/launch_param_builder:/opt/ros/humble /usr/bin/cmake --install /home/barbe/ws_develop/ethercat_driver_ros2/build/ethercat_msgs
[3.105s] -- Install configuration: "Release"
[3.105s] -- Execute custom install script
[3.105s] -- Symlinking: /home/barbe/ws_develop/ethercat_driver_ros2/install/ethercat_msgs/share/ament_index/resource_index/rosidl_interfaces/ethercat_msgs
[3.113s] -- Symlinking: /home/barbe/ws_develop/ethercat_driver_ros2/install/ethercat_msgs/include/ethercat_msgs/ethercat_msgs/msg/rosidl_generator_c__visibility_control.h
[3.120s] -- Symlinking: /home/barbe/ws_develop/ethercat_driver_ros2/install/ethercat_msgs/include/ethercat_msgs/ethercat_msgs/srv/detail/get_sdo__functions.h
[3.127s] -- Symlinking: /home/barbe/ws_develop/ethercat_driver_ros2/install/ethercat_msgs/include/ethercat_msgs/ethercat_msgs/srv/detail/get_sdo__struct.h
[3.134s] -- Symlinking: /home/barbe/ws_develop/ethercat_driver_ros2/install/ethercat_msgs/include/ethercat_msgs/ethercat_msgs/srv/detail/get_sdo__type_support.h
[3.141s] -- Symlinking: /home/barbe/ws_develop/ethercat_driver_ros2/install/ethercat_msgs/include/ethercat_msgs/ethercat_msgs/srv/detail/set_sdo__functions.h
[3.148s] -- Symlinking: /home/barbe/ws_develop/ethercat_driver_ros2/install/ethercat_msgs/include/ethercat_msgs/ethercat_msgs/srv/detail/set_sdo__struct.h
[3.155s] -- Symlinking: /home/barbe/ws_develop/ethercat_driver_ros2/install/ethercat_msgs/include/ethercat_msgs/ethercat_msgs/srv/detail/set_sdo__type_support.h
[3.161s] -- Symlinking: /home/barbe/ws_develop/ethercat_driver_ros2/install/ethercat_msgs/include/ethercat_msgs/ethercat_msgs/srv/get_sdo.h
[3.168s] -- Symlinking: /home/barbe/ws_develop/ethercat_driver_ros2/install/ethercat_msgs/include/ethercat_msgs/ethercat_msgs/srv/set_sdo.h
[3.176s] -- Symlinking: /home/barbe/ws_develop/ethercat_driver_ros2/install/ethercat_msgs/share/ethercat_msgs/environment/library_path.sh
[3.183s] -- Symlinking: /home/barbe/ws_develop/ethercat_driver_ros2/install/ethercat_msgs/share/ethercat_msgs/environment/library_path.dsv
[3.190s] -- Symlinking: /home/barbe/ws_develop/ethercat_driver_ros2/install/ethercat_msgs/include/ethercat_msgs/ethercat_msgs/msg/rosidl_typesupport_fastrtps_c__visibility_control.h
[3.196s] -- Symlinking: /home/barbe/ws_develop/ethercat_driver_ros2/install/ethercat_msgs/include/ethercat_msgs/ethercat_msgs/srv/detail/get_sdo__rosidl_typesupport_fastrtps_c.h
[3.203s] -- Symlinking: /home/barbe/ws_develop/ethercat_driver_ros2/install/ethercat_msgs/include/ethercat_msgs/ethercat_msgs/srv/detail/set_sdo__rosidl_typesupport_fastrtps_c.h
[3.209s] -- Symlinking: /home/barbe/ws_develop/ethercat_driver_ros2/install/ethercat_msgs/include/ethercat_msgs/ethercat_msgs/msg/rosidl_typesupport_introspection_c__visibility_control.h
[3.216s] -- Symlinking: /home/barbe/ws_develop/ethercat_driver_ros2/install/ethercat_msgs/include/ethercat_msgs/ethercat_msgs/srv/detail/get_sdo__rosidl_typesupport_introspection_c.h
[3.222s] -- Symlinking: /home/barbe/ws_develop/ethercat_driver_ros2/install/ethercat_msgs/include/ethercat_msgs/ethercat_msgs/srv/detail/set_sdo__rosidl_typesupport_introspection_c.h
[3.229s] -- Symlinking: /home/barbe/ws_develop/ethercat_driver_ros2/install/ethercat_msgs/include/ethercat_msgs/ethercat_msgs/srv/detail/get_sdo__builder.hpp
[3.236s] -- Symlinking: /home/barbe/ws_develop/ethercat_driver_ros2/install/ethercat_msgs/include/ethercat_msgs/ethercat_msgs/srv/detail/get_sdo__struct.hpp
[3.242s] -- Symlinking: /home/barbe/ws_develop/ethercat_driver_ros2/install/ethercat_msgs/include/ethercat_msgs/ethercat_msgs/srv/detail/get_sdo__traits.hpp
[3.249s] -- Symlinking: /home/barbe/ws_develop/ethercat_driver_ros2/install/ethercat_msgs/include/ethercat_msgs/ethercat_msgs/srv/detail/set_sdo__builder.hpp
[3.255s] -- Symlinking: /home/barbe/ws_develop/ethercat_driver_ros2/install/ethercat_msgs/include/ethercat_msgs/ethercat_msgs/srv/detail/set_sdo__struct.hpp
[3.261s] -- Symlinking: /home/barbe/ws_develop/ethercat_driver_ros2/install/ethercat_msgs/include/ethercat_msgs/ethercat_msgs/srv/detail/set_sdo__traits.hpp
[3.268s] -- Symlinking: /home/barbe/ws_develop/ethercat_driver_ros2/install/ethercat_msgs/include/ethercat_msgs/ethercat_msgs/srv/get_sdo.hpp
[3.275s] -- Symlinking: /home/barbe/ws_develop/ethercat_driver_ros2/install/ethercat_msgs/include/ethercat_msgs/ethercat_msgs/srv/set_sdo.hpp
[3.282s] -- Symlinking: /home/barbe/ws_develop/ethercat_driver_ros2/install/ethercat_msgs/include/ethercat_msgs/ethercat_msgs/msg/rosidl_typesupport_fastrtps_cpp__visibility_control.h
[3.289s] -- Symlinking: /home/barbe/ws_develop/ethercat_driver_ros2/install/ethercat_msgs/include/ethercat_msgs/ethercat_msgs/srv/detail/get_sdo__rosidl_typesupport_fastrtps_cpp.hpp
[3.296s] -- Symlinking: /home/barbe/ws_develop/ethercat_driver_ros2/install/ethercat_msgs/include/ethercat_msgs/ethercat_msgs/srv/detail/set_sdo__rosidl_typesupport_fastrtps_cpp.hpp
[3.303s] -- Symlinking: /home/barbe/ws_develop/ethercat_driver_ros2/install/ethercat_msgs/include/ethercat_msgs/ethercat_msgs/srv/detail/get_sdo__rosidl_typesupport_introspection_cpp.hpp
[3.310s] -- Symlinking: /home/barbe/ws_develop/ethercat_driver_ros2/install/ethercat_msgs/include/ethercat_msgs/ethercat_msgs/srv/detail/set_sdo__rosidl_typesupport_introspection_cpp.hpp
[3.316s] -- Symlinking: /home/barbe/ws_develop/ethercat_driver_ros2/install/ethercat_msgs/share/ethercat_msgs/environment/pythonpath.sh
[3.323s] -- Symlinking: /home/barbe/ws_develop/ethercat_driver_ros2/install/ethercat_msgs/share/ethercat_msgs/environment/pythonpath.dsv
[3.330s] -- Symlinking: /home/barbe/ws_develop/ethercat_driver_ros2/install/ethercat_msgs/local/lib/python3.10/dist-packages/ethercat_msgs-1.2.0-py3.10.egg-info/PKG-INFO
[3.336s] -- Symlinking: /home/barbe/ws_develop/ethercat_driver_ros2/install/ethercat_msgs/local/lib/python3.10/dist-packages/ethercat_msgs-1.2.0-py3.10.egg-info/SOURCES.txt
[3.342s] -- Symlinking: /home/barbe/ws_develop/ethercat_driver_ros2/install/ethercat_msgs/local/lib/python3.10/dist-packages/ethercat_msgs-1.2.0-py3.10.egg-info/dependency_links.txt
[3.348s] -- Symlinking: /home/barbe/ws_develop/ethercat_driver_ros2/install/ethercat_msgs/local/lib/python3.10/dist-packages/ethercat_msgs-1.2.0-py3.10.egg-info/top_level.txt
[3.355s] -- Symlinking: /home/barbe/ws_develop/ethercat_driver_ros2/install/ethercat_msgs/local/lib/python3.10/dist-packages/ethercat_msgs/__init__.py
[3.361s] -- Symlinking: /home/barbe/ws_develop/ethercat_driver_ros2/install/ethercat_msgs/local/lib/python3.10/dist-packages/ethercat_msgs/_ethercat_msgs_s.ep.rosidl_typesupport_c.c
[3.367s] -- Symlinking: /home/barbe/ws_develop/ethercat_driver_ros2/install/ethercat_msgs/local/lib/python3.10/dist-packages/ethercat_msgs/_ethercat_msgs_s.ep.rosidl_typesupport_fastrtps_c.c
[3.375s] -- Symlinking: /home/barbe/ws_develop/ethercat_driver_ros2/install/ethercat_msgs/local/lib/python3.10/dist-packages/ethercat_msgs/_ethercat_msgs_s.ep.rosidl_typesupport_introspection_c.c
[3.382s] -- Symlinking: /home/barbe/ws_develop/ethercat_driver_ros2/install/ethercat_msgs/local/lib/python3.10/dist-packages/ethercat_msgs/ethercat_msgs_s__rosidl_typesupport_c.cpython-310-x86_64-linux-gnu.so
[3.389s] -- Symlinking: /home/barbe/ws_develop/ethercat_driver_ros2/install/ethercat_msgs/local/lib/python3.10/dist-packages/ethercat_msgs/ethercat_msgs_s__rosidl_typesupport_fastrtps_c.cpython-310-x86_64-linux-gnu.so
[3.396s] -- Symlinking: /home/barbe/ws_develop/ethercat_driver_ros2/install/ethercat_msgs/local/lib/python3.10/dist-packages/ethercat_msgs/ethercat_msgs_s__rosidl_typesupport_introspection_c.cpython-310-x86_64-linux-gnu.so
[3.402s] -- Symlinking: /home/barbe/ws_develop/ethercat_driver_ros2/install/ethercat_msgs/local/lib/python3.10/dist-packages/ethercat_msgs/libethercat_msgs__rosidl_generator_py.so
[3.410s] -- Symlinking: /home/barbe/ws_develop/ethercat_driver_ros2/install/ethercat_msgs/local/lib/python3.10/dist-packages/ethercat_msgs/srv/__init__.py
[3.417s] -- Symlinking: /home/barbe/ws_develop/ethercat_driver_ros2/install/ethercat_msgs/local/lib/python3.10/dist-packages/ethercat_msgs/srv/_get_sdo.py
[3.423s] -- Symlinking: /home/barbe/ws_develop/ethercat_driver_ros2/install/ethercat_msgs/local/lib/python3.10/dist-packages/ethercat_msgs/srv/_get_sdo_s.c
[3.429s] -- Symlinking: /home/barbe/ws_develop/ethercat_driver_ros2/install/ethercat_msgs/local/lib/python3.10/dist-packages/ethercat_msgs/srv/_set_sdo.py
[3.436s] -- Symlinking: /home/barbe/ws_develop/ethercat_driver_ros2/install/ethercat_msgs/local/lib/python3.10/dist-packages/ethercat_msgs/srv/_set_sdo_s.c
[3.442s] -- Up-to-date symlink: /home/barbe/ws_develop/ethercat_driver_ros2/install/ethercat_msgs/local/lib/python3.10/dist-packages/ethercat_msgs/ethercat_msgs_s__rosidl_typesupport_fastrtps_c.cpython-310-x86_64-linux-gnu.so
[3.442s] -- Up-to-date symlink: /home/barbe/ws_develop/ethercat_driver_ros2/install/ethercat_msgs/local/lib/python3.10/dist-packages/ethercat_msgs/ethercat_msgs_s__rosidl_typesupport_introspection_c.cpython-310-x86_64-linux-gnu.so
[3.442s] -- Up-to-date symlink: /home/barbe/ws_develop/ethercat_driver_ros2/install/ethercat_msgs/local/lib/python3.10/dist-packages/ethercat_msgs/ethercat_msgs_s__rosidl_typesupport_c.cpython-310-x86_64-linux-gnu.so
[3.442s] -- Symlinking: /home/barbe/ws_develop/ethercat_driver_ros2/install/ethercat_msgs/share/ethercat_msgs/srv/SetSdo.idl
[3.449s] -- Symlinking: /home/barbe/ws_develop/ethercat_driver_ros2/install/ethercat_msgs/share/ethercat_msgs/srv/GetSdo.idl
[3.455s] -- Symlinking: /home/barbe/ws_develop/ethercat_driver_ros2/install/ethercat_msgs/share/ethercat_msgs/srv/SetSdo.srv
[3.462s] -- Symlinking: /home/barbe/ws_develop/ethercat_driver_ros2/install/ethercat_msgs/share/ethercat_msgs/srv/SetSdo_Request.msg
[3.469s] -- Symlinking: /home/barbe/ws_develop/ethercat_driver_ros2/install/ethercat_msgs/share/ethercat_msgs/srv/SetSdo_Response.msg
[3.477s] -- Symlinking: /home/barbe/ws_develop/ethercat_driver_ros2/install/ethercat_msgs/share/ethercat_msgs/srv/GetSdo.srv
[3.484s] -- Symlinking: /home/barbe/ws_develop/ethercat_driver_ros2/install/ethercat_msgs/share/ethercat_msgs/srv/GetSdo_Request.msg
[3.491s] -- Symlinking: /home/barbe/ws_develop/ethercat_driver_ros2/install/ethercat_msgs/share/ethercat_msgs/srv/GetSdo_Response.msg
[3.498s] -- Symlinking: /home/barbe/ws_develop/ethercat_driver_ros2/install/ethercat_msgs/share/ament_index/resource_index/package_run_dependencies/ethercat_msgs
[3.505s] -- Symlinking: /home/barbe/ws_develop/ethercat_driver_ros2/install/ethercat_msgs/share/ament_index/resource_index/parent_prefix_path/ethercat_msgs
[3.511s] -- Symlinking: /home/barbe/ws_develop/ethercat_driver_ros2/install/ethercat_msgs/share/ethercat_msgs/environment/ament_prefix_path.sh
[3.518s] -- Symlinking: /home/barbe/ws_develop/ethercat_driver_ros2/install/ethercat_msgs/share/ethercat_msgs/environment/ament_prefix_path.dsv
[3.525s] -- Symlinking: /home/barbe/ws_develop/ethercat_driver_ros2/install/ethercat_msgs/share/ethercat_msgs/environment/path.sh
[3.533s] -- Symlinking: /home/barbe/ws_develop/ethercat_driver_ros2/install/ethercat_msgs/share/ethercat_msgs/environment/path.dsv
[3.540s] -- Symlinking: /home/barbe/ws_develop/ethercat_driver_ros2/install/ethercat_msgs/share/ethercat_msgs/local_setup.bash
[3.546s] -- Symlinking: /home/barbe/ws_develop/ethercat_driver_ros2/install/ethercat_msgs/share/ethercat_msgs/local_setup.sh
[3.554s] -- Symlinking: /home/barbe/ws_develop/ethercat_driver_ros2/install/ethercat_msgs/share/ethercat_msgs/local_setup.zsh
[3.561s] -- Symlinking: /home/barbe/ws_develop/ethercat_driver_ros2/install/ethercat_msgs/share/ethercat_msgs/local_setup.dsv
[3.568s] -- Symlinking: /home/barbe/ws_develop/ethercat_driver_ros2/install/ethercat_msgs/share/ethercat_msgs/package.dsv
[3.576s] -- Symlinking: /home/barbe/ws_develop/ethercat_driver_ros2/install/ethercat_msgs/share/ament_index/resource_index/packages/ethercat_msgs
[3.583s] -- Symlinking: /home/barbe/ws_develop/ethercat_driver_ros2/install/ethercat_msgs/share/ethercat_msgs/cmake/rosidl_cmake-extras.cmake
[3.590s] -- Symlinking: /home/barbe/ws_develop/ethercat_driver_ros2/install/ethercat_msgs/share/ethercat_msgs/cmake/ament_cmake_export_include_directories-extras.cmake
[3.596s] -- Symlinking: /home/barbe/ws_develop/ethercat_driver_ros2/install/ethercat_msgs/share/ethercat_msgs/cmake/ament_cmake_export_libraries-extras.cmake
[3.603s] -- Symlinking: /home/barbe/ws_develop/ethercat_driver_ros2/install/ethercat_msgs/share/ethercat_msgs/cmake/ament_cmake_export_targets-extras.cmake
[3.610s] -- Symlinking: /home/barbe/ws_develop/ethercat_driver_ros2/install/ethercat_msgs/share/ethercat_msgs/cmake/rosidl_cmake_export_typesupport_targets-extras.cmake
[3.616s] -- Symlinking: /home/barbe/ws_develop/ethercat_driver_ros2/install/ethercat_msgs/share/ethercat_msgs/cmake/ament_cmake_export_dependencies-extras.cmake
[3.623s] -- Symlinking: /home/barbe/ws_develop/ethercat_driver_ros2/install/ethercat_msgs/share/ethercat_msgs/cmake/rosidl_cmake_export_typesupport_libraries-extras.cmake
[3.629s] -- Symlinking: /home/barbe/ws_develop/ethercat_driver_ros2/install/ethercat_msgs/share/ethercat_msgs/cmake/ethercat_msgsConfig.cmake
[3.635s] -- Symlinking: /home/barbe/ws_develop/ethercat_driver_ros2/install/ethercat_msgs/share/ethercat_msgs/cmake/ethercat_msgsConfig-version.cmake
[3.642s] -- Symlinking: /home/barbe/ws_develop/ethercat_driver_ros2/install/ethercat_msgs/share/ethercat_msgs/package.xml
[3.649s] -- Installing: /home/barbe/ws_develop/ethercat_driver_ros2/install/ethercat_msgs/lib/libethercat_msgs__rosidl_generator_c.so
[3.649s] -- Set runtime path of "/home/barbe/ws_develop/ethercat_driver_ros2/install/ethercat_msgs/lib/libethercat_msgs__rosidl_generator_c.so" to ""
[3.649s] -- Installing: /home/barbe/ws_develop/ethercat_driver_ros2/install/ethercat_msgs/lib/libethercat_msgs__rosidl_typesupport_fastrtps_c.so
[3.649s] -- Set runtime path of "/home/barbe/ws_develop/ethercat_driver_ros2/install/ethercat_msgs/lib/libethercat_msgs__rosidl_typesupport_fastrtps_c.so" to ""
[3.649s] -- Installing: /home/barbe/ws_develop/ethercat_driver_ros2/install/ethercat_msgs/lib/libethercat_msgs__rosidl_typesupport_introspection_c.so
[3.649s] -- Set runtime path of "/home/barbe/ws_develop/ethercat_driver_ros2/install/ethercat_msgs/lib/libethercat_msgs__rosidl_typesupport_introspection_c.so" to ""
[3.649s] -- Installing: /home/barbe/ws_develop/ethercat_driver_ros2/install/ethercat_msgs/lib/libethercat_msgs__rosidl_typesupport_c.so
[3.649s] -- Set runtime path of "/home/barbe/ws_develop/ethercat_driver_ros2/install/ethercat_msgs/lib/libethercat_msgs__rosidl_typesupport_c.so" to ""
[3.649s] -- Installing: /home/barbe/ws_develop/ethercat_driver_ros2/install/ethercat_msgs/lib/libethercat_msgs__rosidl_typesupport_fastrtps_cpp.so
[3.649s] -- Set runtime path of "/home/barbe/ws_develop/ethercat_driver_ros2/install/ethercat_msgs/lib/libethercat_msgs__rosidl_typesupport_fastrtps_cpp.so" to ""
[3.649s] -- Installing: /home/barbe/ws_develop/ethercat_driver_ros2/install/ethercat_msgs/lib/libethercat_msgs__rosidl_typesupport_introspection_cpp.so
[3.649s] -- Set runtime path of "/home/barbe/ws_develop/ethercat_driver_ros2/install/ethercat_msgs/lib/libethercat_msgs__rosidl_typesupport_introspection_cpp.so" to ""
[3.650s] -- Installing: /home/barbe/ws_develop/ethercat_driver_ros2/install/ethercat_msgs/lib/libethercat_msgs__rosidl_typesupport_cpp.so
[3.650s] -- Set runtime path of "/home/barbe/ws_develop/ethercat_driver_ros2/install/ethercat_msgs/lib/libethercat_msgs__rosidl_typesupport_cpp.so" to ""
[3.674s] Listing '/home/barbe/ws_develop/ethercat_driver_ros2/install/ethercat_msgs/local/lib/python3.10/dist-packages/ethercat_msgs'...
[3.674s] Compiling '/home/barbe/ws_develop/ethercat_driver_ros2/install/ethercat_msgs/local/lib/python3.10/dist-packages/ethercat_msgs/__init__.py'...
[3.674s] Listing '/home/barbe/ws_develop/ethercat_driver_ros2/install/ethercat_msgs/local/lib/python3.10/dist-packages/ethercat_msgs/srv'...
[3.674s] Compiling '/home/barbe/ws_develop/ethercat_driver_ros2/install/ethercat_msgs/local/lib/python3.10/dist-packages/ethercat_msgs/srv/__init__.py'...
[3.674s] Compiling '/home/barbe/ws_develop/ethercat_driver_ros2/install/ethercat_msgs/local/lib/python3.10/dist-packages/ethercat_msgs/srv/_get_sdo.py'...
[3.674s] Compiling '/home/barbe/ws_develop/ethercat_driver_ros2/install/ethercat_msgs/local/lib/python3.10/dist-packages/ethercat_msgs/srv/_set_sdo.py'...
[3.678s] -- Installing: /home/barbe/ws_develop/ethercat_driver_ros2/install/ethercat_msgs/lib/libethercat_msgs__rosidl_generator_py.so
[3.678s] -- Set runtime path of "/home/barbe/ws_develop/ethercat_driver_ros2/install/ethercat_msgs/lib/libethercat_msgs__rosidl_generator_py.so" to ""
[3.678s] -- Installing: /home/barbe/ws_develop/ethercat_driver_ros2/install/ethercat_msgs/share/ethercat_msgs/cmake/export_ethercat_msgs__rosidl_generator_cExport.cmake
[3.678s] -- Installing: /home/barbe/ws_develop/ethercat_driver_ros2/install/ethercat_msgs/share/ethercat_msgs/cmake/export_ethercat_msgs__rosidl_generator_cExport-release.cmake
[3.678s] -- Installing: /home/barbe/ws_develop/ethercat_driver_ros2/install/ethercat_msgs/share/ethercat_msgs/cmake/export_ethercat_msgs__rosidl_typesupport_fastrtps_cExport.cmake
[3.678s] -- Installing: /home/barbe/ws_develop/ethercat_driver_ros2/install/ethercat_msgs/share/ethercat_msgs/cmake/export_ethercat_msgs__rosidl_typesupport_fastrtps_cExport-release.cmake
[3.678s] -- Installing: /home/barbe/ws_develop/ethercat_driver_ros2/install/ethercat_msgs/share/ethercat_msgs/cmake/ethercat_msgs__rosidl_typesupport_introspection_cExport.cmake
[3.678s] -- Installing: /home/barbe/ws_develop/ethercat_driver_ros2/install/ethercat_msgs/share/ethercat_msgs/cmake/ethercat_msgs__rosidl_typesupport_introspection_cExport-release.cmake
[3.678s] -- Installing: /home/barbe/ws_develop/ethercat_driver_ros2/install/ethercat_msgs/share/ethercat_msgs/cmake/ethercat_msgs__rosidl_typesupport_cExport.cmake
[3.678s] -- Installing: /home/barbe/ws_develop/ethercat_driver_ros2/install/ethercat_msgs/share/ethercat_msgs/cmake/ethercat_msgs__rosidl_typesupport_cExport-release.cmake
[3.678s] -- Installing: /home/barbe/ws_develop/ethercat_driver_ros2/install/ethercat_msgs/share/ethercat_msgs/cmake/export_ethercat_msgs__rosidl_generator_cppExport.cmake
[3.678s] -- Installing: /home/barbe/ws_develop/ethercat_driver_ros2/install/ethercat_msgs/share/ethercat_msgs/cmake/export_ethercat_msgs__rosidl_typesupport_fastrtps_cppExport.cmake
[3.678s] -- Installing: /home/barbe/ws_develop/ethercat_driver_ros2/install/ethercat_msgs/share/ethercat_msgs/cmake/export_ethercat_msgs__rosidl_typesupport_fastrtps_cppExport-release.cmake
[3.678s] -- Installing: /home/barbe/ws_develop/ethercat_driver_ros2/install/ethercat_msgs/share/ethercat_msgs/cmake/ethercat_msgs__rosidl_typesupport_introspection_cppExport.cmake
[3.678s] -- Installing: /home/barbe/ws_develop/ethercat_driver_ros2/install/ethercat_msgs/share/ethercat_msgs/cmake/ethercat_msgs__rosidl_typesupport_introspection_cppExport-release.cmake
[3.679s] -- Installing: /home/barbe/ws_develop/ethercat_driver_ros2/install/ethercat_msgs/share/ethercat_msgs/cmake/ethercat_msgs__rosidl_typesupport_cppExport.cmake
[3.679s] -- Installing: /home/barbe/ws_develop/ethercat_driver_ros2/install/ethercat_msgs/share/ethercat_msgs/cmake/ethercat_msgs__rosidl_typesupport_cppExport-release.cmake
[3.679s] -- Installing: /home/barbe/ws_develop/ethercat_driver_ros2/install/ethercat_msgs/share/ethercat_msgs/cmake/export_ethercat_msgs__rosidl_generator_pyExport.cmake
[3.679s] -- Installing: /home/barbe/ws_develop/ethercat_driver_ros2/install/ethercat_msgs/share/ethercat_msgs/cmake/export_ethercat_msgs__rosidl_generator_pyExport-release.cmake
[3.680s] Invoked command in '/home/barbe/ws_develop/ethercat_driver_ros2/build/ethercat_msgs' returned '0': CMAKE_PREFIX_PATH=${CMAKE_PREFIX_PATH}:/home/barbe/ws_moveit2/install/moveit_configs_utils:/home/barbe/ws_moveit2/install/launch_param_builder:/opt/ros/humble /usr/bin/cmake --install /home/barbe/ws_develop/ethercat_driver_ros2/build/ethercat_msgs
