-- Found ament_cmake: 1.3.7 (/opt/ros/humble/share/ament_cmake/cmake)
-- Found Python3: /usr/bin/python3.10 (found version "3.10.12") found components: Interpreter 
-- Override CMake install command with custom implementation using symlinks instead of copying resources
-- Configuring done
-- Generating done
-- Build files have been written to: /home/barbe/ws_develop/ethercat_driver_ros2/build/ethercat_driver_ros2
-- Install configuration: "Release"
-- Execute custom install script
-- Symlinking: /home/barbe/ws_develop/ethercat_driver_ros2/install/ethercat_driver_ros2/share/ament_index/resource_index/package_run_dependencies/ethercat_driver_ros2
-- Symlinking: /home/barbe/ws_develop/ethercat_driver_ros2/install/ethercat_driver_ros2/share/ament_index/resource_index/parent_prefix_path/ethercat_driver_ros2
-- Symlinking: /home/barbe/ws_develop/ethercat_driver_ros2/install/ethercat_driver_ros2/share/ethercat_driver_ros2/environment/ament_prefix_path.sh
-- Symlinking: /home/barbe/ws_develop/ethercat_driver_ros2/install/ethercat_driver_ros2/share/ethercat_driver_ros2/environment/ament_prefix_path.dsv
-- Symlinking: /home/barbe/ws_develop/ethercat_driver_ros2/install/ethercat_driver_ros2/share/ethercat_driver_ros2/environment/path.sh
-- Symlinking: /home/barbe/ws_develop/ethercat_driver_ros2/install/ethercat_driver_ros2/share/ethercat_driver_ros2/environment/path.dsv
-- Symlinking: /home/barbe/ws_develop/ethercat_driver_ros2/install/ethercat_driver_ros2/share/ethercat_driver_ros2/local_setup.bash
-- Symlinking: /home/barbe/ws_develop/ethercat_driver_ros2/install/ethercat_driver_ros2/share/ethercat_driver_ros2/local_setup.sh
-- Symlinking: /home/barbe/ws_develop/ethercat_driver_ros2/install/ethercat_driver_ros2/share/ethercat_driver_ros2/local_setup.zsh
-- Symlinking: /home/barbe/ws_develop/ethercat_driver_ros2/install/ethercat_driver_ros2/share/ethercat_driver_ros2/local_setup.dsv
-- Symlinking: /home/barbe/ws_develop/ethercat_driver_ros2/install/ethercat_driver_ros2/share/ethercat_driver_ros2/package.dsv
-- Symlinking: /home/barbe/ws_develop/ethercat_driver_ros2/install/ethercat_driver_ros2/share/ament_index/resource_index/packages/ethercat_driver_ros2
-- Symlinking: /home/barbe/ws_develop/ethercat_driver_ros2/install/ethercat_driver_ros2/share/ethercat_driver_ros2/cmake/ethercat_driver_ros2Config.cmake
-- Symlinking: /home/barbe/ws_develop/ethercat_driver_ros2/install/ethercat_driver_ros2/share/ethercat_driver_ros2/cmake/ethercat_driver_ros2Config-version.cmake
-- Symlinking: /home/barbe/ws_develop/ethercat_driver_ros2/install/ethercat_driver_ros2/share/ethercat_driver_ros2/package.xml
